* Checking for deprecated package usage... OK
* Checking for remote package usage... OK
* Checking for 'LazyData: true' usage... OK
* Checking version number... OK
* Checking for version number mismatch... OK
* Checking version number validity... OK
* Checking package size... OK
* Checking individual file sizes... OK
* Checking biocViews... OK
* Checking that biocViews are present... OK
* Checking package type based on biocViews... OK
* Checking for non-trivial biocViews... OK
* Checking that biocViews come from the same category... OK
* Checking biocViews validity... OK
* Checking for recommended biocViews... OK
* Checking build system compatibility... OK
* Checking for blank lines in DESCRIPTION... OK
* Checking if DESCRIPTION is well formatted... OK
* Checking for proper Description: field...
* WARNING: Description field in the DESCRIPTION file is too concise
* Checking for whitespace in DESCRIPTION field names... OK
* Checking that Package field matches directory/tarball name... OK
* Checking for Version field... OK
* Checking for valid maintainer...
* NOTE: Invalid ORCID iD for yourGivenName yourFamilyName
* Checking License: for restrictive use... OK
* Checking for pinned package versions... OK
* Checking DESCRIPTION/NAMESPACE consistency... OK
* Checking .Rbuildignore... OK
* Checking for stray BiocCheck output folders... OK
* Checking vignette directory... OK
* Checking package installation calls in R code... OK
* Checking for library/require of templateR...
* WARNING:  Avoid the use of 'library' or 'require' in R code
Found in files:
require() in R/source_all.R (line 24, column 9)
* Checking coding practice...
* NOTE:  Avoid using '=' for assignment and use '<-' instead
Found in files:
R/source_all.R (line 27, column 18)
* Checking parsed R code in R directory, examples, vignettes... OK
* Checking function lengths... OK
* Checking man page documentation... OK
* Checking package NEWS... OK
* Checking unit tests... OK
* Checking skip_on_bioc() in tests... OK
* Checking formatting of DESCRIPTION, NAMESPACE, man pages, R source, and vignette source...
* NOTE: Consider shorter lines; 7 lines (1%) are > 80 characters long.
First few lines:
man/source_all.Rd#L24     The default \code{\link[base]{baseen...
vignettes/docker.Rmd#L 3 author: "<h4>Authors: <i>`r auths <- eva...
vignettes/docker.Rmd#L63 * Make sure to replace `<your_password>`...
vignettes/docker.Rmd#L66 which means it will persist even after y...
vignettes/docker.Rmd#L68 * Optionally, you can also install the [...
vignettes/docker.Rmd#L75 you can instead [install Docker images v...
vignettes/templateR.Rmd#L 3 author: "<h4>Authors: <i>`r auths <- eva...
* NOTE: Consider multiples of 4 spaces for line indents; 29 lines (6%) are not.
First few lines:
R/args2vars.R#L26                       remove = FALSE, ...
R/args2vars.R#L27                       envir = .GlobalEnv...
R/args2vars.R#L57                    value = arg_final,...
R/args2vars.R#L58                    pos = .GlobalEnv,...
R/args2vars.R#L59                    envir = .GlobalEnv)...
R/source_all.R#L19                        pattern="*.R$",...
R/source_all.R#L20                        packages = NULL, ...
R/source_all.R#L21                        envir = globalenv...
R/source_all.R#L22                        ...){   ...
R/source_all.R#L28                               pattern = ...
R/source_all.R#L29                               full.names...
R/source_all.R#L37                   FUN = function(x){try(...
man/messager.Rd#L20  Allows developers to easily control ver...
man/messager.Rd#L21  and meet Bioconductor requirements that...
man/messager.Rd#L22  must first be stored to a variable befo...
man/source_all.Rd#L 8   path = "R/",...
man/source_all.Rd#L 9   pattern = "*.R$",...
man/source_all.Rd#L10   packages = NULL,...
man/source_all.Rd#L11   envir = globalenv(),...
man/source_all.Rd#L12   ......
man/stopper.Rd#L18  and meet Bioconductor requirements that...
man/stopper.Rd#L19  must first be stored to a variable befo...
vignettes/docker.Rmd#L38   -d \...
vignettes/docker.Rmd#L39   -e ROOT=true \...
vignettes/docker.Rmd#L40   -e PASSWORD="<your_password>" \...
vignettes/docker.Rmd#L41   -v ~/Desktop:/Desktop \...
vignettes/docker.Rmd#L42   -v /Volumes:/Volumes \...
vignettes/docker.Rmd#L43   -p 8787:8787 \...
vignettes/docker.Rmd#L44   `r docker_user`/`r pkg`...
* Checking if package already exists in CRAN... OK
